<?xml version="1.0" encoding="UTF-8"?>
<!-- Generated by org.testng.reporters.JUnitReportReporter -->
<testsuite hostname="DESKTOP-F6VV9DO" failures="0" tests="1" name="pageTests.SignUpTest" time="2.551" errors="0" timestamp="2023-02-07T14:12:28 EET" skipped="0">
  <testcase classname="pageTests.SignUpTest" name="test" time="2.551"/>
  <system-out/>
</testsuite> <!-- pageTests.SignUpTest -->
