<?xml version="1.0" encoding="UTF-8"?>
<!-- Generated by org.testng.reporters.JUnitReportReporter -->
<testsuite hostname="DESKTOP-F6VV9DO" failures="0" tests="1" name="pageTests.SignUp" time="0.026" errors="0" timestamp="2023-02-07T13:34:25 EET" skipped="0">
  <testcase classname="pageTests.SignUp" name="test" time="0.026"/>
  <system-out/>
</testsuite> <!-- pageTests.SignUp -->
