<?xml version="1.0" encoding="UTF-8"?>
<!-- Generated by org.testng.reporters.JUnitReportReporter -->
<testsuite hostname="DESKTOP-F6VV9DO" failures="0" tests="1" name="pageTests.SignUpTest" time="3.739" errors="0" timestamp="2023-02-08T15:09:04 EET" skipped="0">
  <testcase classname="pageTests.SignUpTest" name="test" time="3.739"/>
  <system-out/>
</testsuite> <!-- pageTests.SignUpTest -->
